<?xml version="1.0" encoding="UTF-8"?>
<!-- Generated by org.testng.reporters.JUnitReportReporter -->
<testsuite hostname="HB-laptops-021" failures="0" tests="2" name="automated.NumberImages" time="27.776" errors="0" timestamp="2021-06-24T21:27:50 EDT" skipped="0">
  <testcase classname="automated.NumberImages" name="imagess" time="13.359"/>
  <system-out/>
  <testcase classname="automated.NumberImages" name="buttons" time="14.417"/>
  <system-out/>
</testsuite> <!-- automated.NumberImages -->
