<?xml version="1.0" encoding="UTF-8"?>
<!-- Generated by org.testng.reporters.JUnitReportReporter -->
<testsuite hostname="HB-laptops-021" failures="0" tests="1" name="automated.Automated" time="9.828" errors="0" timestamp="2021-06-24T21:09:28 EDT" skipped="0">
  <testcase classname="automated.Automated" name="testlogo" time="9.828"/>
  <system-out/>
</testsuite> <!-- automated.Automated -->
